Determining if the pthread_create exist failed with the following output:
Change Dir: /home/ruben/Documents/Projet/Build/CMakeFiles/CMakeTmp

Run Build Command:"/usr/bin/make" "cmTC_d76de/fast"
/usr/bin/make -f CMakeFiles/cmTC_d76de.dir/build.make CMakeFiles/cmTC_d76de.dir/build
make[1] : on entre dans le répertoire « /home/ruben/Documents/Projet/Build/CMakeFiles/CMakeTmp »
Building C object CMakeFiles/cmTC_d76de.dir/CheckSymbolExists.c.o
/usr/bin/cc    -o CMakeFiles/cmTC_d76de.dir/CheckSymbolExists.c.o   -c /home/ruben/Documents/Projet/Build/CMakeFiles/CMakeTmp/CheckSymbolExists.c
Linking C executable cmTC_d76de
/usr/bin/cmake -E cmake_link_script CMakeFiles/cmTC_d76de.dir/link.txt --verbose=1
/usr/bin/cc      -rdynamic CMakeFiles/cmTC_d76de.dir/CheckSymbolExists.c.o  -o cmTC_d76de 
/usr/bin/ld: CMakeFiles/cmTC_d76de.dir/CheckSymbolExists.c.o: in function `main':
CheckSymbolExists.c:(.text+0x1b): undefined reference to `pthread_create'
collect2: error: ld returned 1 exit status
make[1]: *** [CMakeFiles/cmTC_d76de.dir/build.make:87: cmTC_d76de] Error 1
make[1] : on quitte le répertoire « /home/ruben/Documents/Projet/Build/CMakeFiles/CMakeTmp »
make: *** [Makefile:121: cmTC_d76de/fast] Error 2

File /home/ruben/Documents/Projet/Build/CMakeFiles/CMakeTmp/CheckSymbolExists.c:
/* */
#include <pthread.h>

int main(int argc, char** argv)
{
  (void)argv;
#ifndef pthread_create
  return ((int*)(&pthread_create))[argc];
#else
  (void)argc;
  return 0;
#endif
}

Determining if the function pthread_create exists in the pthreads failed with the following output:
Change Dir: /home/ruben/Documents/Projet/Build/CMakeFiles/CMakeTmp

Run Build Command:"/usr/bin/make" "cmTC_0f114/fast"
/usr/bin/make -f CMakeFiles/cmTC_0f114.dir/build.make CMakeFiles/cmTC_0f114.dir/build
make[1] : on entre dans le répertoire « /home/ruben/Documents/Projet/Build/CMakeFiles/CMakeTmp »
Building C object CMakeFiles/cmTC_0f114.dir/CheckFunctionExists.c.o
/usr/bin/cc   -DCHECK_FUNCTION_EXISTS=pthread_create   -o CMakeFiles/cmTC_0f114.dir/CheckFunctionExists.c.o   -c /usr/share/cmake-3.12/Modules/CheckFunctionExists.c
Linking C executable cmTC_0f114
/usr/bin/cmake -E cmake_link_script CMakeFiles/cmTC_0f114.dir/link.txt --verbose=1
/usr/bin/cc  -DCHECK_FUNCTION_EXISTS=pthread_create    -rdynamic CMakeFiles/cmTC_0f114.dir/CheckFunctionExists.c.o  -o cmTC_0f114 -lpthreads 
/usr/bin/ld : ne peut trouver -lpthreads
collect2: error: ld returned 1 exit status
make[1]: *** [CMakeFiles/cmTC_0f114.dir/build.make:87: cmTC_0f114] Error 1
make[1] : on quitte le répertoire « /home/ruben/Documents/Projet/Build/CMakeFiles/CMakeTmp »
make: *** [Makefile:121: cmTC_0f114/fast] Error 2


